<?xml version="1.0" encoding="UTF-8"?>
<!-- Generated by org.testng.reporters.JUnitReportReporter -->
<testsuite hostname="DESKTOP-RTUJ6Q0" failures="0" tests="1" name="runner.TestRunner" time="8.140" errors="0" timestamp="2025-04-01T18:46:34 IST" skipped="0">
  <testcase classname="runner.TestRunner" name="runScenario" time="8.140"/>
  <system-out/>
</testsuite> <!-- runner.TestRunner -->
